2018-08-15 21:50:14 -Starting WebApp on PC-20170505HRPR with PID 4264 (E:\TDDOWNLOAD\ideawork\zos\target\classes started by Administrator in E:\TDDOWNLOAD\ideawork\zos)
2018-08-15 21:50:14 -Running with Spring Boot v1.5.9.RELEASE, Spring v4.3.13.RELEASE
2018-08-15 21:50:14 -The following profiles are active: dev
2018-08-15 21:50:16 -Refreshing org.springframework.boot.context.embedded.AnnotationConfigEmbeddedWebApplicationContext@1af687fe: startup date [Wed Aug 15 21:50:16 CST 2018]; root of context hierarchy
2018-08-15 21:50:16 -HV000001: Hibernate Validator 5.3.6.Final
2018-08-15 21:50:22 -Skipping MapperFactoryBean with name 'orderSysReportDao' and 'com.dm.zos.controller.orderSysReport.dao.OrderSysReportDao' mapperInterface. Bean already defined with the same name!
2018-08-15 21:50:22 -No MyBatis mapper was found in '[com.dm.zos]' package. Please check your configuration.
2018-08-15 21:50:22 -Multiple Spring Data modules found, entering strict repository configuration mode!
2018-08-15 21:50:23 -Bean 'ayncTaskConfig' of type [com.dm.zos.common.AyncTaskConfig$$EnhancerBySpringCGLIB$$55c4d4b] is not eligible for getting processed by all BeanPostProcessors (for example: not eligible for auto-proxying)
2018-08-15 21:50:23 -Initializing ExecutorService 
2018-08-15 21:50:23 -Bean 'org.springframework.amqp.rabbit.annotation.RabbitBootstrapConfiguration' of type [org.springframework.amqp.rabbit.annotation.RabbitBootstrapConfiguration$$EnhancerBySpringCGLIB$$bbbaa3a5] is not eligible for getting processed by all BeanPostProcessors (for example: not eligible for auto-proxying)
2018-08-15 21:50:24 -Bean 'org.springframework.transaction.annotation.ProxyTransactionManagementConfiguration' of type [org.springframework.transaction.annotation.ProxyTransactionManagementConfiguration$$EnhancerBySpringCGLIB$$f54ee577] is not eligible for getting processed by all BeanPostProcessors (for example: not eligible for auto-proxying)
2018-08-15 21:50:26 -Tomcat initialized with port(s): 8080 (http)
2018-08-15 21:50:26 -Starting service Tomcat
2018-08-15 21:50:26 -Starting Servlet Engine: Apache Tomcat/8.5.6
2018-08-15 21:50:27 -Initializing Spring embedded WebApplicationContext
2018-08-15 21:50:27 -Root WebApplicationContext: initialization completed in 10851 ms
2018-08-15 21:50:28 -Mapping servlet: 'statViewServlet' to [/druid/*]
2018-08-15 21:50:28 -Mapping servlet: 'dispatcherServlet' to [/]
2018-08-15 21:50:28 -Mapping filter: 'characterEncodingFilter' to: [/*]
2018-08-15 21:50:28 -Mapping filter: 'hiddenHttpMethodFilter' to: [/*]
2018-08-15 21:50:28 -Mapping filter: 'httpPutFormContentFilter' to: [/*]
2018-08-15 21:50:28 -Mapping filter: 'requestContextFilter' to: [/*]
2018-08-15 21:50:28 -Mapping filter: 'webStatFilter' to urls: [/*]
2018-08-15 21:50:31 -{dataSource-1} inited
2018-08-15 21:50:34 -Mapped "{[/orderSysReport/download]}" onto public void com.dm.zos.controller.orderSysReport.controller.OrderSysReportController.download(java.util.Map<java.lang.String, java.lang.Object>,javax.servlet.http.HttpServletRequest,javax.servlet.http.HttpServletResponse) throws java.lang.Exception
2018-08-15 21:50:34 -Mapped "{[/zos/list],methods=[GET],produces=[application/json;charset=UTF-8]}" onto public com.dm.zos.common.R com.dm.zos.controller.ZeroController.getList(java.lang.String)
2018-08-15 21:50:34 -Mapped "{[/v2/api-docs],methods=[GET],produces=[application/json || application/hal+json]}" onto public org.springframework.http.ResponseEntity<springfox.documentation.spring.web.json.Json> springfox.documentation.swagger2.web.Swagger2Controller.getDocumentation(java.lang.String,javax.servlet.http.HttpServletRequest)
2018-08-15 21:50:34 -Mapped "{[/swagger-resources/configuration/ui]}" onto org.springframework.http.ResponseEntity<springfox.documentation.swagger.web.UiConfiguration> springfox.documentation.swagger.web.ApiResourceController.uiConfiguration()
2018-08-15 21:50:34 -Mapped "{[/swagger-resources]}" onto org.springframework.http.ResponseEntity<java.util.List<springfox.documentation.swagger.web.SwaggerResource>> springfox.documentation.swagger.web.ApiResourceController.swaggerResources()
2018-08-15 21:50:34 -Mapped "{[/swagger-resources/configuration/security]}" onto org.springframework.http.ResponseEntity<springfox.documentation.swagger.web.SecurityConfiguration> springfox.documentation.swagger.web.ApiResourceController.securityConfiguration()
2018-08-15 21:50:34 -Mapped "{[/error]}" onto public org.springframework.http.ResponseEntity<java.util.Map<java.lang.String, java.lang.Object>> org.springframework.boot.autoconfigure.web.BasicErrorController.error(javax.servlet.http.HttpServletRequest)
2018-08-15 21:50:34 -Mapped "{[/error],produces=[text/html]}" onto public org.springframework.web.servlet.ModelAndView org.springframework.boot.autoconfigure.web.BasicErrorController.errorHtml(javax.servlet.http.HttpServletRequest,javax.servlet.http.HttpServletResponse)
2018-08-15 21:50:36 -Looking for @ControllerAdvice: org.springframework.boot.context.embedded.AnnotationConfigEmbeddedWebApplicationContext@1af687fe: startup date [Wed Aug 15 21:50:16 CST 2018]; root of context hierarchy
2018-08-15 21:50:36 -Mapped URL path [/webjars/**] onto handler of type [class org.springframework.web.servlet.resource.ResourceHttpRequestHandler]
2018-08-15 21:50:36 -Mapped URL path [/**] onto handler of type [class org.springframework.web.servlet.resource.ResourceHttpRequestHandler]
2018-08-15 21:50:36 -Detected @ExceptionHandler methods in zeroExceptionHandler
2018-08-15 21:50:36 -Mapped URL path [/**/favicon.ico] onto handler of type [class org.springframework.web.servlet.resource.ResourceHttpRequestHandler]
2018-08-15 21:50:39 -Registering beans for JMX exposure on startup
2018-08-15 21:50:39 -Bean with name 'dataSource' has been autodetected for JMX exposure
2018-08-15 21:50:39 -Bean with name 'rabbitConnectionFactory' has been autodetected for JMX exposure
2018-08-15 21:50:39 -Located MBean 'dataSource': registering with JMX server as MBean [com.alibaba.druid.pool:name=dataSource,type=DruidDataSource]
2018-08-15 21:50:39 -Located managed bean 'rabbitConnectionFactory': registering with JMX server as MBean [org.springframework.amqp.rabbit.connection:name=rabbitConnectionFactory,type=CachingConnectionFactory]
2018-08-15 21:50:39 -Starting beans in phase 2147483647
2018-08-15 21:50:39 -Context refreshed
2018-08-15 21:50:39 -Found 1 custom documentation plugin(s)
2018-08-15 21:50:39 -Scanning for api listing references
2018-08-15 21:50:40 -Initializing ProtocolHandler ["http-nio-8080"]
2018-08-15 21:50:40 -Starting ProtocolHandler [http-nio-8080]
2018-08-15 21:50:40 -Using a shared selector for servlet write/read
2018-08-15 21:50:40 -Tomcat started on port(s): 8080 (http)
2018-08-15 21:50:40 -Started WebApp in 29.755 seconds (JVM running for 34.615)
2018-08-15 21:57:55 -Starting WebApp on PC-20170505HRPR with PID 2256 (E:\TDDOWNLOAD\ideawork\zos\target\classes started by Administrator in E:\TDDOWNLOAD\ideawork\zos)
2018-08-15 21:57:55 -Running with Spring Boot v1.5.9.RELEASE, Spring v4.3.13.RELEASE
2018-08-15 21:57:55 -The following profiles are active: dev
2018-08-15 21:57:55 -Refreshing org.springframework.boot.context.embedded.AnnotationConfigEmbeddedWebApplicationContext@68ad99fe: startup date [Wed Aug 15 21:57:55 CST 2018]; root of context hierarchy
2018-08-15 21:57:56 -HV000001: Hibernate Validator 5.3.6.Final
2018-08-15 21:57:57 -Skipping MapperFactoryBean with name 'orderSysReportDao' and 'com.dm.zos.controller.orderSysReport.dao.OrderSysReportDao' mapperInterface. Bean already defined with the same name!
2018-08-15 21:57:57 -No MyBatis mapper was found in '[com.dm.zos]' package. Please check your configuration.
2018-08-15 21:57:57 -Multiple Spring Data modules found, entering strict repository configuration mode!
2018-08-15 21:57:57 -Bean 'ayncTaskConfig' of type [com.dm.zos.common.AyncTaskConfig$$EnhancerBySpringCGLIB$$e42f631f] is not eligible for getting processed by all BeanPostProcessors (for example: not eligible for auto-proxying)
2018-08-15 21:57:57 -Initializing ExecutorService 
2018-08-15 21:57:57 -Bean 'org.springframework.amqp.rabbit.annotation.RabbitBootstrapConfiguration' of type [org.springframework.amqp.rabbit.annotation.RabbitBootstrapConfiguration$$EnhancerBySpringCGLIB$$9a8db979] is not eligible for getting processed by all BeanPostProcessors (for example: not eligible for auto-proxying)
2018-08-15 21:57:57 -Bean 'org.springframework.transaction.annotation.ProxyTransactionManagementConfiguration' of type [org.springframework.transaction.annotation.ProxyTransactionManagementConfiguration$$EnhancerBySpringCGLIB$$d421fb4b] is not eligible for getting processed by all BeanPostProcessors (for example: not eligible for auto-proxying)
2018-08-15 21:57:58 -Tomcat initialized with port(s): 8080 (http)
2018-08-15 21:57:58 -Starting service Tomcat
2018-08-15 21:57:58 -Starting Servlet Engine: Apache Tomcat/8.5.6
2018-08-15 21:57:58 -Initializing Spring embedded WebApplicationContext
2018-08-15 21:57:58 -Root WebApplicationContext: initialization completed in 3000 ms
2018-08-15 21:57:59 -Mapping servlet: 'statViewServlet' to [/druid/*]
2018-08-15 21:57:59 -Mapping servlet: 'dispatcherServlet' to [/]
2018-08-15 21:57:59 -Mapping filter: 'characterEncodingFilter' to: [/*]
2018-08-15 21:57:59 -Mapping filter: 'hiddenHttpMethodFilter' to: [/*]
2018-08-15 21:57:59 -Mapping filter: 'httpPutFormContentFilter' to: [/*]
2018-08-15 21:57:59 -Mapping filter: 'requestContextFilter' to: [/*]
2018-08-15 21:57:59 -Mapping filter: 'webStatFilter' to urls: [/*]
2018-08-15 21:58:00 -{dataSource-1} inited
2018-08-15 21:58:01 -Mapped "{[/orderSysReport/download]}" onto public void com.dm.zos.controller.orderSysReport.controller.OrderSysReportController.download(java.util.Map<java.lang.String, java.lang.Object>,javax.servlet.http.HttpServletRequest,javax.servlet.http.HttpServletResponse) throws java.lang.Exception
2018-08-15 21:58:01 -Mapped "{[/zos/list],methods=[GET],produces=[application/json;charset=UTF-8]}" onto public com.dm.zos.common.R com.dm.zos.controller.ZeroController.getList(java.lang.String)
2018-08-15 21:58:01 -Mapped "{[/v2/api-docs],methods=[GET],produces=[application/json || application/hal+json]}" onto public org.springframework.http.ResponseEntity<springfox.documentation.spring.web.json.Json> springfox.documentation.swagger2.web.Swagger2Controller.getDocumentation(java.lang.String,javax.servlet.http.HttpServletRequest)
2018-08-15 21:58:01 -Mapped "{[/swagger-resources]}" onto org.springframework.http.ResponseEntity<java.util.List<springfox.documentation.swagger.web.SwaggerResource>> springfox.documentation.swagger.web.ApiResourceController.swaggerResources()
2018-08-15 21:58:01 -Mapped "{[/swagger-resources/configuration/ui]}" onto org.springframework.http.ResponseEntity<springfox.documentation.swagger.web.UiConfiguration> springfox.documentation.swagger.web.ApiResourceController.uiConfiguration()
2018-08-15 21:58:01 -Mapped "{[/swagger-resources/configuration/security]}" onto org.springframework.http.ResponseEntity<springfox.documentation.swagger.web.SecurityConfiguration> springfox.documentation.swagger.web.ApiResourceController.securityConfiguration()
2018-08-15 21:58:01 -Mapped "{[/error]}" onto public org.springframework.http.ResponseEntity<java.util.Map<java.lang.String, java.lang.Object>> org.springframework.boot.autoconfigure.web.BasicErrorController.error(javax.servlet.http.HttpServletRequest)
2018-08-15 21:58:01 -Mapped "{[/error],produces=[text/html]}" onto public org.springframework.web.servlet.ModelAndView org.springframework.boot.autoconfigure.web.BasicErrorController.errorHtml(javax.servlet.http.HttpServletRequest,javax.servlet.http.HttpServletResponse)
2018-08-15 21:58:02 -Looking for @ControllerAdvice: org.springframework.boot.context.embedded.AnnotationConfigEmbeddedWebApplicationContext@68ad99fe: startup date [Wed Aug 15 21:57:55 CST 2018]; root of context hierarchy
2018-08-15 21:58:02 -Mapped URL path [/webjars/**] onto handler of type [class org.springframework.web.servlet.resource.ResourceHttpRequestHandler]
2018-08-15 21:58:02 -Mapped URL path [/**] onto handler of type [class org.springframework.web.servlet.resource.ResourceHttpRequestHandler]
2018-08-15 21:58:02 -Detected @ExceptionHandler methods in zeroExceptionHandler
2018-08-15 21:58:02 -Mapped URL path [/**/favicon.ico] onto handler of type [class org.springframework.web.servlet.resource.ResourceHttpRequestHandler]
2018-08-15 21:58:04 -Registering beans for JMX exposure on startup
2018-08-15 21:58:04 -Bean with name 'dataSource' has been autodetected for JMX exposure
2018-08-15 21:58:04 -Bean with name 'rabbitConnectionFactory' has been autodetected for JMX exposure
2018-08-15 21:58:04 -Located MBean 'dataSource': registering with JMX server as MBean [com.alibaba.druid.pool:name=dataSource,type=DruidDataSource]
2018-08-15 21:58:04 -Located managed bean 'rabbitConnectionFactory': registering with JMX server as MBean [org.springframework.amqp.rabbit.connection:name=rabbitConnectionFactory,type=CachingConnectionFactory]
2018-08-15 21:58:04 -Starting beans in phase 2147483647
2018-08-15 21:58:04 -Context refreshed
2018-08-15 21:58:04 -Found 1 custom documentation plugin(s)
2018-08-15 21:58:04 -Scanning for api listing references
2018-08-15 21:58:04 -Initializing ProtocolHandler ["http-nio-8080"]
2018-08-15 21:58:04 -Starting ProtocolHandler [http-nio-8080]
2018-08-15 21:58:04 -Using a shared selector for servlet write/read
2018-08-15 21:58:04 -Tomcat started on port(s): 8080 (http)
2018-08-15 21:58:04 -Started WebApp in 9.994 seconds (JVM running for 11.658)
2018-08-15 22:01:54 -Initializing Spring FrameworkServlet 'dispatcherServlet'
2018-08-15 22:01:54 -FrameworkServlet 'dispatcherServlet': initialization started
2018-08-15 22:01:54 -FrameworkServlet 'dispatcherServlet': initialization completed in 48 ms
2018-08-15 22:01:54 -异常:
org.springframework.http.converter.HttpMessageNotReadableException: Required request body is missing: public void com.dm.zos.controller.orderSysReport.controller.OrderSysReportController.download(java.util.Map<java.lang.String, java.lang.Object>,javax.servlet.http.HttpServletRequest,javax.servlet.http.HttpServletResponse) throws java.lang.Exception
	at org.springframework.web.servlet.mvc.method.annotation.RequestResponseBodyMethodProcessor.readWithMessageConverters(RequestResponseBodyMethodProcessor.java:154)
	at org.springframework.web.servlet.mvc.method.annotation.RequestResponseBodyMethodProcessor.resolveArgument(RequestResponseBodyMethodProcessor.java:128)
	at org.springframework.web.method.support.HandlerMethodArgumentResolverComposite.resolveArgument(HandlerMethodArgumentResolverComposite.java:121)
	at org.springframework.web.method.support.InvocableHandlerMethod.getMethodArgumentValues(InvocableHandlerMethod.java:158)
	at org.springframework.web.method.support.InvocableHandlerMethod.invokeForRequest(InvocableHandlerMethod.java:128)
	at org.springframework.web.servlet.mvc.method.annotation.ServletInvocableHandlerMethod.invokeAndHandle(ServletInvocableHandlerMethod.java:97)
	at org.springframework.web.servlet.mvc.method.annotation.RequestMappingHandlerAdapter.invokeHandlerMethod(RequestMappingHandlerAdapter.java:827)
	at org.springframework.web.servlet.mvc.method.annotation.RequestMappingHandlerAdapter.handleInternal(RequestMappingHandlerAdapter.java:738)
	at org.springframework.web.servlet.mvc.method.AbstractHandlerMethodAdapter.handle(AbstractHandlerMethodAdapter.java:85)
	at org.springframework.web.servlet.DispatcherServlet.doDispatch(DispatcherServlet.java:967)
	at org.springframework.web.servlet.DispatcherServlet.doService(DispatcherServlet.java:901)
	at org.springframework.web.servlet.FrameworkServlet.processRequest(FrameworkServlet.java:970)
	at org.springframework.web.servlet.FrameworkServlet.doGet(FrameworkServlet.java:861)
	at javax.servlet.http.HttpServlet.service(HttpServlet.java:622)
	at org.springframework.web.servlet.FrameworkServlet.service(FrameworkServlet.java:846)
	at javax.servlet.http.HttpServlet.service(HttpServlet.java:729)
	at org.apache.catalina.core.ApplicationFilterChain.internalDoFilter(ApplicationFilterChain.java:230)
	at org.apache.catalina.core.ApplicationFilterChain.doFilter(ApplicationFilterChain.java:165)
	at org.apache.tomcat.websocket.server.WsFilter.doFilter(WsFilter.java:52)
	at org.apache.catalina.core.ApplicationFilterChain.internalDoFilter(ApplicationFilterChain.java:192)
	at org.apache.catalina.core.ApplicationFilterChain.doFilter(ApplicationFilterChain.java:165)
	at com.alibaba.druid.support.http.WebStatFilter.doFilter(WebStatFilter.java:123)
	at org.apache.catalina.core.ApplicationFilterChain.internalDoFilter(ApplicationFilterChain.java:192)
	at org.apache.catalina.core.ApplicationFilterChain.doFilter(ApplicationFilterChain.java:165)
	at org.springframework.web.filter.RequestContextFilter.doFilterInternal(RequestContextFilter.java:99)
	at org.springframework.web.filter.OncePerRequestFilter.doFilter(OncePerRequestFilter.java:107)
	at org.apache.catalina.core.ApplicationFilterChain.internalDoFilter(ApplicationFilterChain.java:192)
	at org.apache.catalina.core.ApplicationFilterChain.doFilter(ApplicationFilterChain.java:165)
	at org.springframework.web.filter.HttpPutFormContentFilter.doFilterInternal(HttpPutFormContentFilter.java:108)
	at org.springframework.web.filter.OncePerRequestFilter.doFilter(OncePerRequestFilter.java:107)
	at org.apache.catalina.core.ApplicationFilterChain.internalDoFilter(ApplicationFilterChain.java:192)
	at org.apache.catalina.core.ApplicationFilterChain.doFilter(ApplicationFilterChain.java:165)
	at org.springframework.web.filter.HiddenHttpMethodFilter.doFilterInternal(HiddenHttpMethodFilter.java:81)
	at org.springframework.web.filter.OncePerRequestFilter.doFilter(OncePerRequestFilter.java:107)
	at org.apache.catalina.core.ApplicationFilterChain.internalDoFilter(ApplicationFilterChain.java:192)
	at org.apache.catalina.core.ApplicationFilterChain.doFilter(ApplicationFilterChain.java:165)
	at org.springframework.web.filter.CharacterEncodingFilter.doFilterInternal(CharacterEncodingFilter.java:197)
	at org.springframework.web.filter.OncePerRequestFilter.doFilter(OncePerRequestFilter.java:107)
	at org.apache.catalina.core.ApplicationFilterChain.internalDoFilter(ApplicationFilterChain.java:192)
	at org.apache.catalina.core.ApplicationFilterChain.doFilter(ApplicationFilterChain.java:165)
	at org.apache.catalina.core.StandardWrapperValve.invoke(StandardWrapperValve.java:198)
	at org.apache.catalina.core.StandardContextValve.invoke(StandardContextValve.java:108)
	at org.apache.catalina.authenticator.AuthenticatorBase.invoke(AuthenticatorBase.java:472)
	at org.apache.catalina.core.StandardHostValve.invoke(StandardHostValve.java:140)
	at org.apache.catalina.valves.ErrorReportValve.invoke(ErrorReportValve.java:79)
	at org.apache.catalina.core.StandardEngineValve.invoke(StandardEngineValve.java:87)
	at org.apache.catalina.connector.CoyoteAdapter.service(CoyoteAdapter.java:349)
	at org.apache.coyote.http11.Http11Processor.service(Http11Processor.java:784)
	at org.apache.coyote.AbstractProcessorLight.process(AbstractProcessorLight.java:66)
	at org.apache.coyote.AbstractProtocol$ConnectionHandler.process(AbstractProtocol.java:802)
	at org.apache.tomcat.util.net.NioEndpoint$SocketProcessor.doRun(NioEndpoint.java:1410)
	at org.apache.tomcat.util.net.SocketProcessorBase.run(SocketProcessorBase.java:49)
	at java.util.concurrent.ThreadPoolExecutor.runWorker(ThreadPoolExecutor.java:1142)
	at java.util.concurrent.ThreadPoolExecutor$Worker.run(ThreadPoolExecutor.java:617)
	at org.apache.tomcat.util.threads.TaskThread$WrappingRunnable.run(TaskThread.java:61)
	at java.lang.Thread.run(Thread.java:748)
2018-08-15 22:01:54 -异常返回结果:{"code":500,"msg":"error"}
2018-08-15 22:01:54 -异常:
org.springframework.http.converter.HttpMessageNotReadableException: Required request body is missing: public void com.dm.zos.controller.orderSysReport.controller.OrderSysReportController.download(java.util.Map<java.lang.String, java.lang.Object>,javax.servlet.http.HttpServletRequest,javax.servlet.http.HttpServletResponse) throws java.lang.Exception
	at org.springframework.web.servlet.mvc.method.annotation.RequestResponseBodyMethodProcessor.readWithMessageConverters(RequestResponseBodyMethodProcessor.java:154)
	at org.springframework.web.servlet.mvc.method.annotation.RequestResponseBodyMethodProcessor.resolveArgument(RequestResponseBodyMethodProcessor.java:128)
	at org.springframework.web.method.support.HandlerMethodArgumentResolverComposite.resolveArgument(HandlerMethodArgumentResolverComposite.java:121)
	at org.springframework.web.method.support.InvocableHandlerMethod.getMethodArgumentValues(InvocableHandlerMethod.java:158)
	at org.springframework.web.method.support.InvocableHandlerMethod.invokeForRequest(InvocableHandlerMethod.java:128)
	at org.springframework.web.servlet.mvc.method.annotation.ServletInvocableHandlerMethod.invokeAndHandle(ServletInvocableHandlerMethod.java:97)
	at org.springframework.web.servlet.mvc.method.annotation.RequestMappingHandlerAdapter.invokeHandlerMethod(RequestMappingHandlerAdapter.java:827)
	at org.springframework.web.servlet.mvc.method.annotation.RequestMappingHandlerAdapter.handleInternal(RequestMappingHandlerAdapter.java:738)
	at org.springframework.web.servlet.mvc.method.AbstractHandlerMethodAdapter.handle(AbstractHandlerMethodAdapter.java:85)
	at org.springframework.web.servlet.DispatcherServlet.doDispatch(DispatcherServlet.java:967)
	at org.springframework.web.servlet.DispatcherServlet.doService(DispatcherServlet.java:901)
	at org.springframework.web.servlet.FrameworkServlet.processRequest(FrameworkServlet.java:970)
	at org.springframework.web.servlet.FrameworkServlet.doGet(FrameworkServlet.java:861)
	at javax.servlet.http.HttpServlet.service(HttpServlet.java:622)
	at org.springframework.web.servlet.FrameworkServlet.service(FrameworkServlet.java:846)
	at javax.servlet.http.HttpServlet.service(HttpServlet.java:729)
	at org.apache.catalina.core.ApplicationFilterChain.internalDoFilter(ApplicationFilterChain.java:230)
	at org.apache.catalina.core.ApplicationFilterChain.doFilter(ApplicationFilterChain.java:165)
	at org.apache.tomcat.websocket.server.WsFilter.doFilter(WsFilter.java:52)
	at org.apache.catalina.core.ApplicationFilterChain.internalDoFilter(ApplicationFilterChain.java:192)
	at org.apache.catalina.core.ApplicationFilterChain.doFilter(ApplicationFilterChain.java:165)
	at com.alibaba.druid.support.http.WebStatFilter.doFilter(WebStatFilter.java:123)
	at org.apache.catalina.core.ApplicationFilterChain.internalDoFilter(ApplicationFilterChain.java:192)
	at org.apache.catalina.core.ApplicationFilterChain.doFilter(ApplicationFilterChain.java:165)
	at org.springframework.web.filter.RequestContextFilter.doFilterInternal(RequestContextFilter.java:99)
	at org.springframework.web.filter.OncePerRequestFilter.doFilter(OncePerRequestFilter.java:107)
	at org.apache.catalina.core.ApplicationFilterChain.internalDoFilter(ApplicationFilterChain.java:192)
	at org.apache.catalina.core.ApplicationFilterChain.doFilter(ApplicationFilterChain.java:165)
	at org.springframework.web.filter.HttpPutFormContentFilter.doFilterInternal(HttpPutFormContentFilter.java:108)
	at org.springframework.web.filter.OncePerRequestFilter.doFilter(OncePerRequestFilter.java:107)
	at org.apache.catalina.core.ApplicationFilterChain.internalDoFilter(ApplicationFilterChain.java:192)
	at org.apache.catalina.core.ApplicationFilterChain.doFilter(ApplicationFilterChain.java:165)
	at org.springframework.web.filter.HiddenHttpMethodFilter.doFilterInternal(HiddenHttpMethodFilter.java:81)
	at org.springframework.web.filter.OncePerRequestFilter.doFilter(OncePerRequestFilter.java:107)
	at org.apache.catalina.core.ApplicationFilterChain.internalDoFilter(ApplicationFilterChain.java:192)
	at org.apache.catalina.core.ApplicationFilterChain.doFilter(ApplicationFilterChain.java:165)
	at org.springframework.web.filter.CharacterEncodingFilter.doFilterInternal(CharacterEncodingFilter.java:197)
	at org.springframework.web.filter.OncePerRequestFilter.doFilter(OncePerRequestFilter.java:107)
	at org.apache.catalina.core.ApplicationFilterChain.internalDoFilter(ApplicationFilterChain.java:192)
	at org.apache.catalina.core.ApplicationFilterChain.doFilter(ApplicationFilterChain.java:165)
	at org.apache.catalina.core.StandardWrapperValve.invoke(StandardWrapperValve.java:198)
	at org.apache.catalina.core.StandardContextValve.invoke(StandardContextValve.java:108)
	at org.apache.catalina.authenticator.AuthenticatorBase.invoke(AuthenticatorBase.java:472)
	at org.apache.catalina.core.StandardHostValve.invoke(StandardHostValve.java:140)
	at org.apache.catalina.valves.ErrorReportValve.invoke(ErrorReportValve.java:79)
	at org.apache.catalina.core.StandardEngineValve.invoke(StandardEngineValve.java:87)
	at org.apache.catalina.connector.CoyoteAdapter.service(CoyoteAdapter.java:349)
	at org.apache.coyote.http11.Http11Processor.service(Http11Processor.java:784)
	at org.apache.coyote.AbstractProcessorLight.process(AbstractProcessorLight.java:66)
	at org.apache.coyote.AbstractProtocol$ConnectionHandler.process(AbstractProtocol.java:802)
	at org.apache.tomcat.util.net.NioEndpoint$SocketProcessor.doRun(NioEndpoint.java:1410)
	at org.apache.tomcat.util.net.SocketProcessorBase.run(SocketProcessorBase.java:49)
	at java.util.concurrent.ThreadPoolExecutor.runWorker(ThreadPoolExecutor.java:1142)
	at java.util.concurrent.ThreadPoolExecutor$Worker.run(ThreadPoolExecutor.java:617)
	at org.apache.tomcat.util.threads.TaskThread$WrappingRunnable.run(TaskThread.java:61)
	at java.lang.Thread.run(Thread.java:748)
2018-08-15 22:01:54 -异常返回结果:{"code":500,"msg":"error"}
2018-08-15 22:02:00 -异常:
org.springframework.http.converter.HttpMessageNotReadableException: Required request body is missing: public void com.dm.zos.controller.orderSysReport.controller.OrderSysReportController.download(java.util.Map<java.lang.String, java.lang.Object>,javax.servlet.http.HttpServletRequest,javax.servlet.http.HttpServletResponse) throws java.lang.Exception
	at org.springframework.web.servlet.mvc.method.annotation.RequestResponseBodyMethodProcessor.readWithMessageConverters(RequestResponseBodyMethodProcessor.java:154)
	at org.springframework.web.servlet.mvc.method.annotation.RequestResponseBodyMethodProcessor.resolveArgument(RequestResponseBodyMethodProcessor.java:128)
	at org.springframework.web.method.support.HandlerMethodArgumentResolverComposite.resolveArgument(HandlerMethodArgumentResolverComposite.java:121)
	at org.springframework.web.method.support.InvocableHandlerMethod.getMethodArgumentValues(InvocableHandlerMethod.java:158)
	at org.springframework.web.method.support.InvocableHandlerMethod.invokeForRequest(InvocableHandlerMethod.java:128)
	at org.springframework.web.servlet.mvc.method.annotation.ServletInvocableHandlerMethod.invokeAndHandle(ServletInvocableHandlerMethod.java:97)
	at org.springframework.web.servlet.mvc.method.annotation.RequestMappingHandlerAdapter.invokeHandlerMethod(RequestMappingHandlerAdapter.java:827)
	at org.springframework.web.servlet.mvc.method.annotation.RequestMappingHandlerAdapter.handleInternal(RequestMappingHandlerAdapter.java:738)
	at org.springframework.web.servlet.mvc.method.AbstractHandlerMethodAdapter.handle(AbstractHandlerMethodAdapter.java:85)
	at org.springframework.web.servlet.DispatcherServlet.doDispatch(DispatcherServlet.java:967)
	at org.springframework.web.servlet.DispatcherServlet.doService(DispatcherServlet.java:901)
	at org.springframework.web.servlet.FrameworkServlet.processRequest(FrameworkServlet.java:970)
	at org.springframework.web.servlet.FrameworkServlet.doGet(FrameworkServlet.java:861)
	at javax.servlet.http.HttpServlet.service(HttpServlet.java:622)
	at org.springframework.web.servlet.FrameworkServlet.service(FrameworkServlet.java:846)
	at javax.servlet.http.HttpServlet.service(HttpServlet.java:729)
	at org.apache.catalina.core.ApplicationFilterChain.internalDoFilter(ApplicationFilterChain.java:230)
	at org.apache.catalina.core.ApplicationFilterChain.doFilter(ApplicationFilterChain.java:165)
	at org.apache.tomcat.websocket.server.WsFilter.doFilter(WsFilter.java:52)
	at org.apache.catalina.core.ApplicationFilterChain.internalDoFilter(ApplicationFilterChain.java:192)
	at org.apache.catalina.core.ApplicationFilterChain.doFilter(ApplicationFilterChain.java:165)
	at com.alibaba.druid.support.http.WebStatFilter.doFilter(WebStatFilter.java:123)
	at org.apache.catalina.core.ApplicationFilterChain.internalDoFilter(ApplicationFilterChain.java:192)
	at org.apache.catalina.core.ApplicationFilterChain.doFilter(ApplicationFilterChain.java:165)
	at org.springframework.web.filter.RequestContextFilter.doFilterInternal(RequestContextFilter.java:99)
	at org.springframework.web.filter.OncePerRequestFilter.doFilter(OncePerRequestFilter.java:107)
	at org.apache.catalina.core.ApplicationFilterChain.internalDoFilter(ApplicationFilterChain.java:192)
	at org.apache.catalina.core.ApplicationFilterChain.doFilter(ApplicationFilterChain.java:165)
	at org.springframework.web.filter.HttpPutFormContentFilter.doFilterInternal(HttpPutFormContentFilter.java:108)
	at org.springframework.web.filter.OncePerRequestFilter.doFilter(OncePerRequestFilter.java:107)
	at org.apache.catalina.core.ApplicationFilterChain.internalDoFilter(ApplicationFilterChain.java:192)
	at org.apache.catalina.core.ApplicationFilterChain.doFilter(ApplicationFilterChain.java:165)
	at org.springframework.web.filter.HiddenHttpMethodFilter.doFilterInternal(HiddenHttpMethodFilter.java:81)
	at org.springframework.web.filter.OncePerRequestFilter.doFilter(OncePerRequestFilter.java:107)
	at org.apache.catalina.core.ApplicationFilterChain.internalDoFilter(ApplicationFilterChain.java:192)
	at org.apache.catalina.core.ApplicationFilterChain.doFilter(ApplicationFilterChain.java:165)
	at org.springframework.web.filter.CharacterEncodingFilter.doFilterInternal(CharacterEncodingFilter.java:197)
	at org.springframework.web.filter.OncePerRequestFilter.doFilter(OncePerRequestFilter.java:107)
	at org.apache.catalina.core.ApplicationFilterChain.internalDoFilter(ApplicationFilterChain.java:192)
	at org.apache.catalina.core.ApplicationFilterChain.doFilter(ApplicationFilterChain.java:165)
	at org.apache.catalina.core.StandardWrapperValve.invoke(StandardWrapperValve.java:198)
	at org.apache.catalina.core.StandardContextValve.invoke(StandardContextValve.java:108)
	at org.apache.catalina.authenticator.AuthenticatorBase.invoke(AuthenticatorBase.java:472)
	at org.apache.catalina.core.StandardHostValve.invoke(StandardHostValve.java:140)
	at org.apache.catalina.valves.ErrorReportValve.invoke(ErrorReportValve.java:79)
	at org.apache.catalina.core.StandardEngineValve.invoke(StandardEngineValve.java:87)
	at org.apache.catalina.connector.CoyoteAdapter.service(CoyoteAdapter.java:349)
	at org.apache.coyote.http11.Http11Processor.service(Http11Processor.java:784)
	at org.apache.coyote.AbstractProcessorLight.process(AbstractProcessorLight.java:66)
	at org.apache.coyote.AbstractProtocol$ConnectionHandler.process(AbstractProtocol.java:802)
	at org.apache.tomcat.util.net.NioEndpoint$SocketProcessor.doRun(NioEndpoint.java:1410)
	at org.apache.tomcat.util.net.SocketProcessorBase.run(SocketProcessorBase.java:49)
	at java.util.concurrent.ThreadPoolExecutor.runWorker(ThreadPoolExecutor.java:1142)
	at java.util.concurrent.ThreadPoolExecutor$Worker.run(ThreadPoolExecutor.java:617)
	at org.apache.tomcat.util.threads.TaskThread$WrappingRunnable.run(TaskThread.java:61)
	at java.lang.Thread.run(Thread.java:748)
2018-08-15 22:02:00 -异常返回结果:{"code":500,"msg":"error"}
2018-08-15 22:03:05 -异常:
org.springframework.http.converter.HttpMessageNotReadableException: Required request body is missing: public void com.dm.zos.controller.orderSysReport.controller.OrderSysReportController.download(java.util.Map<java.lang.String, java.lang.Object>,javax.servlet.http.HttpServletRequest,javax.servlet.http.HttpServletResponse) throws java.lang.Exception
	at org.springframework.web.servlet.mvc.method.annotation.RequestResponseBodyMethodProcessor.readWithMessageConverters(RequestResponseBodyMethodProcessor.java:154)
	at org.springframework.web.servlet.mvc.method.annotation.RequestResponseBodyMethodProcessor.resolveArgument(RequestResponseBodyMethodProcessor.java:128)
	at org.springframework.web.method.support.HandlerMethodArgumentResolverComposite.resolveArgument(HandlerMethodArgumentResolverComposite.java:121)
	at org.springframework.web.method.support.InvocableHandlerMethod.getMethodArgumentValues(InvocableHandlerMethod.java:158)
	at org.springframework.web.method.support.InvocableHandlerMethod.invokeForRequest(InvocableHandlerMethod.java:128)
	at org.springframework.web.servlet.mvc.method.annotation.ServletInvocableHandlerMethod.invokeAndHandle(ServletInvocableHandlerMethod.java:97)
	at org.springframework.web.servlet.mvc.method.annotation.RequestMappingHandlerAdapter.invokeHandlerMethod(RequestMappingHandlerAdapter.java:827)
	at org.springframework.web.servlet.mvc.method.annotation.RequestMappingHandlerAdapter.handleInternal(RequestMappingHandlerAdapter.java:738)
	at org.springframework.web.servlet.mvc.method.AbstractHandlerMethodAdapter.handle(AbstractHandlerMethodAdapter.java:85)
	at org.springframework.web.servlet.DispatcherServlet.doDispatch(DispatcherServlet.java:967)
	at org.springframework.web.servlet.DispatcherServlet.doService(DispatcherServlet.java:901)
	at org.springframework.web.servlet.FrameworkServlet.processRequest(FrameworkServlet.java:970)
	at org.springframework.web.servlet.FrameworkServlet.doGet(FrameworkServlet.java:861)
	at javax.servlet.http.HttpServlet.service(HttpServlet.java:622)
	at org.springframework.web.servlet.FrameworkServlet.service(FrameworkServlet.java:846)
	at javax.servlet.http.HttpServlet.service(HttpServlet.java:729)
	at org.apache.catalina.core.ApplicationFilterChain.internalDoFilter(ApplicationFilterChain.java:230)
	at org.apache.catalina.core.ApplicationFilterChain.doFilter(ApplicationFilterChain.java:165)
	at org.apache.tomcat.websocket.server.WsFilter.doFilter(WsFilter.java:52)
	at org.apache.catalina.core.ApplicationFilterChain.internalDoFilter(ApplicationFilterChain.java:192)
	at org.apache.catalina.core.ApplicationFilterChain.doFilter(ApplicationFilterChain.java:165)
	at com.alibaba.druid.support.http.WebStatFilter.doFilter(WebStatFilter.java:123)
	at org.apache.catalina.core.ApplicationFilterChain.internalDoFilter(ApplicationFilterChain.java:192)
	at org.apache.catalina.core.ApplicationFilterChain.doFilter(ApplicationFilterChain.java:165)
	at org.springframework.web.filter.RequestContextFilter.doFilterInternal(RequestContextFilter.java:99)
	at org.springframework.web.filter.OncePerRequestFilter.doFilter(OncePerRequestFilter.java:107)
	at org.apache.catalina.core.ApplicationFilterChain.internalDoFilter(ApplicationFilterChain.java:192)
	at org.apache.catalina.core.ApplicationFilterChain.doFilter(ApplicationFilterChain.java:165)
	at org.springframework.web.filter.HttpPutFormContentFilter.doFilterInternal(HttpPutFormContentFilter.java:108)
	at org.springframework.web.filter.OncePerRequestFilter.doFilter(OncePerRequestFilter.java:107)
	at org.apache.catalina.core.ApplicationFilterChain.internalDoFilter(ApplicationFilterChain.java:192)
	at org.apache.catalina.core.ApplicationFilterChain.doFilter(ApplicationFilterChain.java:165)
	at org.springframework.web.filter.HiddenHttpMethodFilter.doFilterInternal(HiddenHttpMethodFilter.java:81)
	at org.springframework.web.filter.OncePerRequestFilter.doFilter(OncePerRequestFilter.java:107)
	at org.apache.catalina.core.ApplicationFilterChain.internalDoFilter(ApplicationFilterChain.java:192)
	at org.apache.catalina.core.ApplicationFilterChain.doFilter(ApplicationFilterChain.java:165)
	at org.springframework.web.filter.CharacterEncodingFilter.doFilterInternal(CharacterEncodingFilter.java:197)
	at org.springframework.web.filter.OncePerRequestFilter.doFilter(OncePerRequestFilter.java:107)
	at org.apache.catalina.core.ApplicationFilterChain.internalDoFilter(ApplicationFilterChain.java:192)
	at org.apache.catalina.core.ApplicationFilterChain.doFilter(ApplicationFilterChain.java:165)
	at org.apache.catalina.core.StandardWrapperValve.invoke(StandardWrapperValve.java:198)
	at org.apache.catalina.core.StandardContextValve.invoke(StandardContextValve.java:108)
	at org.apache.catalina.authenticator.AuthenticatorBase.invoke(AuthenticatorBase.java:472)
	at org.apache.catalina.core.StandardHostValve.invoke(StandardHostValve.java:140)
	at org.apache.catalina.valves.ErrorReportValve.invoke(ErrorReportValve.java:79)
	at org.apache.catalina.core.StandardEngineValve.invoke(StandardEngineValve.java:87)
	at org.apache.catalina.connector.CoyoteAdapter.service(CoyoteAdapter.java:349)
	at org.apache.coyote.http11.Http11Processor.service(Http11Processor.java:784)
	at org.apache.coyote.AbstractProcessorLight.process(AbstractProcessorLight.java:66)
	at org.apache.coyote.AbstractProtocol$ConnectionHandler.process(AbstractProtocol.java:802)
	at org.apache.tomcat.util.net.NioEndpoint$SocketProcessor.doRun(NioEndpoint.java:1410)
	at org.apache.tomcat.util.net.SocketProcessorBase.run(SocketProcessorBase.java:49)
	at java.util.concurrent.ThreadPoolExecutor.runWorker(ThreadPoolExecutor.java:1142)
	at java.util.concurrent.ThreadPoolExecutor$Worker.run(ThreadPoolExecutor.java:617)
	at org.apache.tomcat.util.threads.TaskThread$WrappingRunnable.run(TaskThread.java:61)
	at java.lang.Thread.run(Thread.java:748)
2018-08-15 22:03:05 -异常返回结果:{"code":500,"msg":"error"}
2018-08-15 22:04:12 -orderSysReport-download请求参数：{startTime=2017-12-01, endTime=2018-04-30}
2018-08-15 22:04:49 -异常:
org.apache.ibatis.binding.BindingException: Invalid bound statement (not found): com.dm.zos.controller.orderSysReport.dao.OrderSysReportDao.queryList
	at org.apache.ibatis.binding.MapperMethod$SqlCommand.<init>(MapperMethod.java:227)
	at org.apache.ibatis.binding.MapperMethod.<init>(MapperMethod.java:49)
	at org.apache.ibatis.binding.MapperProxy.cachedMapperMethod(MapperProxy.java:65)
	at org.apache.ibatis.binding.MapperProxy.invoke(MapperProxy.java:58)
	at com.sun.proxy.$Proxy98.queryList(Unknown Source)
	at com.dm.zos.controller.orderSysReport.service.impl.OrderSysReportServiceImpl.queryList(OrderSysReportServiceImpl.java:20)
	at com.dm.zos.controller.orderSysReport.controller.OrderSysReportController.download(OrderSysReportController.java:62)
	at sun.reflect.NativeMethodAccessorImpl.invoke0(Native Method)
	at sun.reflect.NativeMethodAccessorImpl.invoke(NativeMethodAccessorImpl.java:62)
	at sun.reflect.DelegatingMethodAccessorImpl.invoke(DelegatingMethodAccessorImpl.java:43)
	at java.lang.reflect.Method.invoke(Method.java:498)
	at org.springframework.web.method.support.InvocableHandlerMethod.doInvoke(InvocableHandlerMethod.java:205)
	at org.springframework.web.method.support.InvocableHandlerMethod.invokeForRequest(InvocableHandlerMethod.java:133)
	at org.springframework.web.servlet.mvc.method.annotation.ServletInvocableHandlerMethod.invokeAndHandle(ServletInvocableHandlerMethod.java:97)
	at org.springframework.web.servlet.mvc.method.annotation.RequestMappingHandlerAdapter.invokeHandlerMethod(RequestMappingHandlerAdapter.java:827)
	at org.springframework.web.servlet.mvc.method.annotation.RequestMappingHandlerAdapter.handleInternal(RequestMappingHandlerAdapter.java:738)
	at org.springframework.web.servlet.mvc.method.AbstractHandlerMethodAdapter.handle(AbstractHandlerMethodAdapter.java:85)
	at org.springframework.web.servlet.DispatcherServlet.doDispatch(DispatcherServlet.java:967)
	at org.springframework.web.servlet.DispatcherServlet.doService(DispatcherServlet.java:901)
	at org.springframework.web.servlet.FrameworkServlet.processRequest(FrameworkServlet.java:970)
	at org.springframework.web.servlet.FrameworkServlet.doPost(FrameworkServlet.java:872)
	at javax.servlet.http.HttpServlet.service(HttpServlet.java:648)
	at org.springframework.web.servlet.FrameworkServlet.service(FrameworkServlet.java:846)
	at javax.servlet.http.HttpServlet.service(HttpServlet.java:729)
	at org.apache.catalina.core.ApplicationFilterChain.internalDoFilter(ApplicationFilterChain.java:230)
	at org.apache.catalina.core.ApplicationFilterChain.doFilter(ApplicationFilterChain.java:165)
	at org.apache.tomcat.websocket.server.WsFilter.doFilter(WsFilter.java:52)
	at org.apache.catalina.core.ApplicationFilterChain.internalDoFilter(ApplicationFilterChain.java:192)
	at org.apache.catalina.core.ApplicationFilterChain.doFilter(ApplicationFilterChain.java:165)
	at com.alibaba.druid.support.http.WebStatFilter.doFilter(WebStatFilter.java:123)
	at org.apache.catalina.core.ApplicationFilterChain.internalDoFilter(ApplicationFilterChain.java:192)
	at org.apache.catalina.core.ApplicationFilterChain.doFilter(ApplicationFilterChain.java:165)
	at org.springframework.web.filter.RequestContextFilter.doFilterInternal(RequestContextFilter.java:99)
	at org.springframework.web.filter.OncePerRequestFilter.doFilter(OncePerRequestFilter.java:107)
	at org.apache.catalina.core.ApplicationFilterChain.internalDoFilter(ApplicationFilterChain.java:192)
	at org.apache.catalina.core.ApplicationFilterChain.doFilter(ApplicationFilterChain.java:165)
	at org.springframework.web.filter.HttpPutFormContentFilter.doFilterInternal(HttpPutFormContentFilter.java:108)
	at org.springframework.web.filter.OncePerRequestFilter.doFilter(OncePerRequestFilter.java:107)
	at org.apache.catalina.core.ApplicationFilterChain.internalDoFilter(ApplicationFilterChain.java:192)
	at org.apache.catalina.core.ApplicationFilterChain.doFilter(ApplicationFilterChain.java:165)
	at org.springframework.web.filter.HiddenHttpMethodFilter.doFilterInternal(HiddenHttpMethodFilter.java:81)
	at org.springframework.web.filter.OncePerRequestFilter.doFilter(OncePerRequestFilter.java:107)
	at org.apache.catalina.core.ApplicationFilterChain.internalDoFilter(ApplicationFilterChain.java:192)
	at org.apache.catalina.core.ApplicationFilterChain.doFilter(ApplicationFilterChain.java:165)
	at org.springframework.web.filter.CharacterEncodingFilter.doFilterInternal(CharacterEncodingFilter.java:197)
	at org.springframework.web.filter.OncePerRequestFilter.doFilter(OncePerRequestFilter.java:107)
	at org.apache.catalina.core.ApplicationFilterChain.internalDoFilter(ApplicationFilterChain.java:192)
	at org.apache.catalina.core.ApplicationFilterChain.doFilter(ApplicationFilterChain.java:165)
	at org.apache.catalina.core.StandardWrapperValve.invoke(StandardWrapperValve.java:198)
	at org.apache.catalina.core.StandardContextValve.invoke(StandardContextValve.java:108)
	at org.apache.catalina.authenticator.AuthenticatorBase.invoke(AuthenticatorBase.java:472)
	at org.apache.catalina.core.StandardHostValve.invoke(StandardHostValve.java:140)
	at org.apache.catalina.valves.ErrorReportValve.invoke(ErrorReportValve.java:79)
	at org.apache.catalina.core.StandardEngineValve.invoke(StandardEngineValve.java:87)
	at org.apache.catalina.connector.CoyoteAdapter.service(CoyoteAdapter.java:349)
	at org.apache.coyote.http11.Http11Processor.service(Http11Processor.java:784)
	at org.apache.coyote.AbstractProcessorLight.process(AbstractProcessorLight.java:66)
	at org.apache.coyote.AbstractProtocol$ConnectionHandler.process(AbstractProtocol.java:802)
	at org.apache.tomcat.util.net.NioEndpoint$SocketProcessor.doRun(NioEndpoint.java:1410)
	at org.apache.tomcat.util.net.SocketProcessorBase.run(SocketProcessorBase.java:49)
	at java.util.concurrent.ThreadPoolExecutor.runWorker(ThreadPoolExecutor.java:1142)
	at java.util.concurrent.ThreadPoolExecutor$Worker.run(ThreadPoolExecutor.java:617)
	at org.apache.tomcat.util.threads.TaskThread$WrappingRunnable.run(TaskThread.java:61)
	at java.lang.Thread.run(Thread.java:748)
2018-08-15 22:04:49 -异常返回结果:{"code":500,"msg":"error"}
2018-08-15 22:06:33 -Starting WebApp on PC-20170505HRPR with PID 9036 (E:\TDDOWNLOAD\ideawork\zos\target\classes started by Administrator in E:\TDDOWNLOAD\ideawork\zos)
2018-08-15 22:06:33 -Running with Spring Boot v1.5.9.RELEASE, Spring v4.3.13.RELEASE
2018-08-15 22:06:33 -The following profiles are active: dev
2018-08-15 22:06:33 -Refreshing org.springframework.boot.context.embedded.AnnotationConfigEmbeddedWebApplicationContext@5c10f1c3: startup date [Wed Aug 15 22:06:33 CST 2018]; root of context hierarchy
2018-08-15 22:06:33 -HV000001: Hibernate Validator 5.3.6.Final
2018-08-15 22:06:35 -Skipping MapperFactoryBean with name 'orderSysReportDao' and 'com.dm.zos.controller.orderSysReport.dao.OrderSysReportDao' mapperInterface. Bean already defined with the same name!
2018-08-15 22:06:35 -No MyBatis mapper was found in '[com.dm.zos]' package. Please check your configuration.
2018-08-15 22:06:35 -Multiple Spring Data modules found, entering strict repository configuration mode!
2018-08-15 22:06:36 -Bean 'ayncTaskConfig' of type [com.dm.zos.common.AyncTaskConfig$$EnhancerBySpringCGLIB$$6c48024d] is not eligible for getting processed by all BeanPostProcessors (for example: not eligible for auto-proxying)
2018-08-15 22:06:36 -Initializing ExecutorService 
2018-08-15 22:06:36 -Bean 'org.springframework.amqp.rabbit.annotation.RabbitBootstrapConfiguration' of type [org.springframework.amqp.rabbit.annotation.RabbitBootstrapConfiguration$$EnhancerBySpringCGLIB$$22a658a7] is not eligible for getting processed by all BeanPostProcessors (for example: not eligible for auto-proxying)
2018-08-15 22:06:36 -Bean 'org.springframework.transaction.annotation.ProxyTransactionManagementConfiguration' of type [org.springframework.transaction.annotation.ProxyTransactionManagementConfiguration$$EnhancerBySpringCGLIB$$5c3a9a79] is not eligible for getting processed by all BeanPostProcessors (for example: not eligible for auto-proxying)
2018-08-15 22:06:37 -Tomcat initialized with port(s): 8080 (http)
2018-08-15 22:06:37 -Starting service Tomcat
2018-08-15 22:06:37 -Starting Servlet Engine: Apache Tomcat/8.5.6
2018-08-15 22:06:37 -Initializing Spring embedded WebApplicationContext
2018-08-15 22:06:37 -Root WebApplicationContext: initialization completed in 3642 ms
2018-08-15 22:06:38 -Mapping servlet: 'statViewServlet' to [/druid/*]
2018-08-15 22:06:38 -Mapping servlet: 'dispatcherServlet' to [/]
2018-08-15 22:06:38 -Mapping filter: 'characterEncodingFilter' to: [/*]
2018-08-15 22:06:38 -Mapping filter: 'hiddenHttpMethodFilter' to: [/*]
2018-08-15 22:06:38 -Mapping filter: 'httpPutFormContentFilter' to: [/*]
2018-08-15 22:06:38 -Mapping filter: 'requestContextFilter' to: [/*]
2018-08-15 22:06:38 -Mapping filter: 'webStatFilter' to urls: [/*]
2018-08-15 22:06:39 -{dataSource-1} inited
2018-08-15 22:06:40 -Mapped "{[/orderSysReport/download]}" onto public void com.dm.zos.controller.orderSysReport.controller.OrderSysReportController.download(java.util.Map<java.lang.String, java.lang.Object>,javax.servlet.http.HttpServletRequest,javax.servlet.http.HttpServletResponse) throws java.lang.Exception
2018-08-15 22:06:40 -Mapped "{[/zos/list],methods=[GET],produces=[application/json;charset=UTF-8]}" onto public com.dm.zos.common.R com.dm.zos.controller.ZeroController.getList(java.lang.String)
2018-08-15 22:06:40 -Mapped "{[/v2/api-docs],methods=[GET],produces=[application/json || application/hal+json]}" onto public org.springframework.http.ResponseEntity<springfox.documentation.spring.web.json.Json> springfox.documentation.swagger2.web.Swagger2Controller.getDocumentation(java.lang.String,javax.servlet.http.HttpServletRequest)
2018-08-15 22:06:40 -Mapped "{[/swagger-resources]}" onto org.springframework.http.ResponseEntity<java.util.List<springfox.documentation.swagger.web.SwaggerResource>> springfox.documentation.swagger.web.ApiResourceController.swaggerResources()
2018-08-15 22:06:40 -Mapped "{[/swagger-resources/configuration/ui]}" onto org.springframework.http.ResponseEntity<springfox.documentation.swagger.web.UiConfiguration> springfox.documentation.swagger.web.ApiResourceController.uiConfiguration()
2018-08-15 22:06:40 -Mapped "{[/swagger-resources/configuration/security]}" onto org.springframework.http.ResponseEntity<springfox.documentation.swagger.web.SecurityConfiguration> springfox.documentation.swagger.web.ApiResourceController.securityConfiguration()
2018-08-15 22:06:40 -Mapped "{[/error]}" onto public org.springframework.http.ResponseEntity<java.util.Map<java.lang.String, java.lang.Object>> org.springframework.boot.autoconfigure.web.BasicErrorController.error(javax.servlet.http.HttpServletRequest)
2018-08-15 22:06:40 -Mapped "{[/error],produces=[text/html]}" onto public org.springframework.web.servlet.ModelAndView org.springframework.boot.autoconfigure.web.BasicErrorController.errorHtml(javax.servlet.http.HttpServletRequest,javax.servlet.http.HttpServletResponse)
2018-08-15 22:06:41 -Looking for @ControllerAdvice: org.springframework.boot.context.embedded.AnnotationConfigEmbeddedWebApplicationContext@5c10f1c3: startup date [Wed Aug 15 22:06:33 CST 2018]; root of context hierarchy
2018-08-15 22:06:42 -Mapped URL path [/webjars/**] onto handler of type [class org.springframework.web.servlet.resource.ResourceHttpRequestHandler]
2018-08-15 22:06:42 -Mapped URL path [/**] onto handler of type [class org.springframework.web.servlet.resource.ResourceHttpRequestHandler]
2018-08-15 22:06:42 -Detected @ExceptionHandler methods in zeroExceptionHandler
2018-08-15 22:06:42 -Mapped URL path [/**/favicon.ico] onto handler of type [class org.springframework.web.servlet.resource.ResourceHttpRequestHandler]
2018-08-15 22:06:43 -Registering beans for JMX exposure on startup
2018-08-15 22:06:43 -Bean with name 'dataSource' has been autodetected for JMX exposure
2018-08-15 22:06:43 -Bean with name 'rabbitConnectionFactory' has been autodetected for JMX exposure
2018-08-15 22:06:43 -Located MBean 'dataSource': registering with JMX server as MBean [com.alibaba.druid.pool:name=dataSource,type=DruidDataSource]
2018-08-15 22:06:43 -Located managed bean 'rabbitConnectionFactory': registering with JMX server as MBean [org.springframework.amqp.rabbit.connection:name=rabbitConnectionFactory,type=CachingConnectionFactory]
2018-08-15 22:06:43 -Starting beans in phase 2147483647
2018-08-15 22:06:43 -Context refreshed
2018-08-15 22:06:43 -Found 1 custom documentation plugin(s)
2018-08-15 22:06:43 -Scanning for api listing references
2018-08-15 22:06:44 -Initializing ProtocolHandler ["http-nio-8080"]
2018-08-15 22:06:44 -Starting ProtocolHandler [http-nio-8080]
2018-08-15 22:06:44 -Using a shared selector for servlet write/read
2018-08-15 22:06:44 -Tomcat started on port(s): 8080 (http)
2018-08-15 22:06:44 -Started WebApp in 11.729 seconds (JVM running for 14.136)
2018-08-15 22:06:53 -Initializing Spring FrameworkServlet 'dispatcherServlet'
2018-08-15 22:06:53 -FrameworkServlet 'dispatcherServlet': initialization started
2018-08-15 22:06:53 -FrameworkServlet 'dispatcherServlet': initialization completed in 40 ms
2018-08-15 22:07:00 -orderSysReport-download请求参数：{startTime=2017-12-01, endTime=2018-04-30}
2018-08-15 22:07:06 -==>  Preparing: SELECT count(0) FROM b_bill WHERE begin_date >= ? AND end_date <= ? 
2018-08-15 22:07:07 -==> Parameters: 2017-12-01(String), 2018-04-30(String)
2018-08-15 22:07:07 -<==      Total: 1
2018-08-15 22:07:07 -==>  Preparing: SELECT * FROM b_bill WHERE begin_date >= ? and end_date <= ? LIMIT ? 
2018-08-15 22:07:07 -==> Parameters: 2017-12-01(String), 2018-04-30(String), 200(Integer)
2018-08-15 22:07:08 -<==      Total: 189
2018-08-15 22:09:00 -第1页数据开始写入
2018-08-15 22:09:01 -第1页数据写入完成
2018-08-15 22:09:01 -orderSysReport-download文件全部写入完成，文件路径:D:/20171201_20180430订单信息查询.txt
2018-08-15 22:10:09 -orderSysReport-download请求参数：{startTime=2017-12-01, endTime=2018-04-30}
2018-08-15 22:10:29 -==>  Preparing: SELECT count(0) FROM b_bill WHERE begin_date >= ? AND end_date <= ? 
2018-08-15 22:10:29 -==> Parameters: 2017-12-01(String), 2018-04-30(String)
2018-08-15 22:10:29 -<==      Total: 1
2018-08-15 22:10:29 -==>  Preparing: SELECT * FROM b_bill WHERE begin_date >= ? and end_date <= ? LIMIT ? 
2018-08-15 22:10:29 -==> Parameters: 2017-12-01(String), 2018-04-30(String), 50(Integer)
2018-08-15 22:10:30 -<==      Total: 50
2018-08-15 22:11:25 -第1页数据开始写入
2018-08-15 22:11:31 -第1页数据写入完成
2018-08-15 22:11:43 -==>  Preparing: SELECT count(0) FROM b_bill WHERE begin_date >= ? AND end_date <= ? 
2018-08-15 22:11:43 -==> Parameters: 2017-12-01(String), 2018-04-30(String)
2018-08-15 22:11:43 -<==      Total: 1
2018-08-15 22:11:43 -==>  Preparing: SELECT * FROM b_bill WHERE begin_date >= ? and end_date <= ? LIMIT ?, ? 
2018-08-15 22:11:43 -==> Parameters: 2017-12-01(String), 2018-04-30(String), 50(Integer), 50(Integer)
2018-08-15 22:11:44 -<==      Total: 50
2018-08-15 22:12:16 -第2页数据开始写入
2018-08-15 22:12:17 -第2页数据写入完成
2018-08-15 22:12:19 -==>  Preparing: SELECT count(0) FROM b_bill WHERE begin_date >= ? AND end_date <= ? 
2018-08-15 22:12:19 -==> Parameters: 2017-12-01(String), 2018-04-30(String)
2018-08-15 22:12:19 -<==      Total: 1
2018-08-15 22:12:19 -==>  Preparing: SELECT * FROM b_bill WHERE begin_date >= ? and end_date <= ? LIMIT ?, ? 
2018-08-15 22:12:19 -==> Parameters: 2017-12-01(String), 2018-04-30(String), 100(Integer), 50(Integer)
2018-08-15 22:12:19 -<==      Total: 50
2018-08-15 22:12:19 -第3页数据开始写入
2018-08-15 22:12:19 -第3页数据写入完成
2018-08-15 22:12:19 -==>  Preparing: SELECT count(0) FROM b_bill WHERE begin_date >= ? AND end_date <= ? 
2018-08-15 22:12:19 -==> Parameters: 2017-12-01(String), 2018-04-30(String)
2018-08-15 22:12:19 -<==      Total: 1
2018-08-15 22:12:19 -==>  Preparing: SELECT * FROM b_bill WHERE begin_date >= ? and end_date <= ? LIMIT ?, ? 
2018-08-15 22:12:19 -==> Parameters: 2017-12-01(String), 2018-04-30(String), 150(Integer), 50(Integer)
2018-08-15 22:12:19 -<==      Total: 39
2018-08-15 22:12:19 -第4页数据开始写入
2018-08-15 22:12:19 -第4页数据写入完成
2018-08-15 22:12:19 -orderSysReport-download文件全部写入完成，文件路径:D:/20171201_20180430订单信息查询.txt
