2018-08-17 23:25:28 -Starting WebApp on PC-20170505HRPR with PID 5376 (E:\TDDOWNLOAD\ideawork\zos\target\classes started by Administrator in E:\TDDOWNLOAD\ideawork\zos)
2018-08-17 23:25:28 -Running with Spring Boot v1.5.9.RELEASE, Spring v4.3.13.RELEASE
2018-08-17 23:25:28 -The following profiles are active: dev
2018-08-17 23:25:28 -HV000001: Hibernate Validator 5.3.6.Final
2018-08-17 23:25:28 -Refreshing org.springframework.boot.context.embedded.AnnotationConfigEmbeddedWebApplicationContext@14dda234: startup date [Fri Aug 17 23:25:28 CST 2018]; root of context hierarchy
2018-08-17 23:25:30 -Skipping MapperFactoryBean with name 'orderSysReportDao' and 'com.dm.zos.controller.orderSysReport.dao.OrderSysReportDao' mapperInterface. Bean already defined with the same name!
2018-08-17 23:25:30 -No MyBatis mapper was found in '[com.dm.zos]' package. Please check your configuration.
2018-08-17 23:25:31 -Multiple Spring Data modules found, entering strict repository configuration mode!
2018-08-17 23:25:31 -Bean 'ayncTaskConfig' of type [com.dm.zos.common.config.AyncTaskConfig$$EnhancerBySpringCGLIB$$c6173ba3] is not eligible for getting processed by all BeanPostProcessors (for example: not eligible for auto-proxying)
2018-08-17 23:25:31 -Initializing ExecutorService 
2018-08-17 23:25:31 -Bean 'org.springframework.amqp.rabbit.annotation.RabbitBootstrapConfiguration' of type [org.springframework.amqp.rabbit.annotation.RabbitBootstrapConfiguration$$EnhancerBySpringCGLIB$$5fb03667] is not eligible for getting processed by all BeanPostProcessors (for example: not eligible for auto-proxying)
2018-08-17 23:25:32 -Bean 'org.springframework.transaction.annotation.ProxyTransactionManagementConfiguration' of type [org.springframework.transaction.annotation.ProxyTransactionManagementConfiguration$$EnhancerBySpringCGLIB$$99447839] is not eligible for getting processed by all BeanPostProcessors (for example: not eligible for auto-proxying)
2018-08-17 23:25:32 -Tomcat initialized with port(s): 8080 (http)
2018-08-17 23:25:32 -Starting service Tomcat
2018-08-17 23:25:32 -Starting Servlet Engine: Apache Tomcat/8.5.6
2018-08-17 23:25:33 -Initializing Spring embedded WebApplicationContext
2018-08-17 23:25:33 -Root WebApplicationContext: initialization completed in 4450 ms
2018-08-17 23:25:33 -Mapping servlet: 'statViewServlet' to [/druid/*]
2018-08-17 23:25:33 -Mapping servlet: 'dispatcherServlet' to [/]
2018-08-17 23:25:33 -Mapping filter: 'characterEncodingFilter' to: [/*]
2018-08-17 23:25:33 -Mapping filter: 'hiddenHttpMethodFilter' to: [/*]
2018-08-17 23:25:33 -Mapping filter: 'httpPutFormContentFilter' to: [/*]
2018-08-17 23:25:33 -Mapping filter: 'requestContextFilter' to: [/*]
2018-08-17 23:25:33 -Mapping filter: 'webStatFilter' to urls: [/*]
2018-08-17 23:25:35 -{dataSource-1} inited
2018-08-17 23:25:37 -Mapped "{[/orderSysReport/import]}" onto public void com.dm.zos.controller.orderSysReport.controller.OrderSysReportController.importData() throws java.lang.Exception
2018-08-17 23:25:37 -Mapped "{[/orderSysReport/importFile]}" onto public cn.hutool.json.JSONObject com.dm.zos.controller.orderSysReport.controller.OrderSysReportController.importFile(org.springframework.web.multipart.MultipartFile,javax.servlet.http.HttpServletRequest)
2018-08-17 23:25:37 -Mapped "{[/orderSysReport/downFile2]}" onto public void com.dm.zos.controller.orderSysReport.controller.OrderSysReportController.downFile2(javax.servlet.http.HttpServletResponse) throws java.lang.Exception
2018-08-17 23:25:37 -Mapped "{[/orderSysReport/download]}" onto public void com.dm.zos.controller.orderSysReport.controller.OrderSysReportController.download(java.util.Map<java.lang.String, java.lang.Object>,javax.servlet.http.HttpServletRequest,javax.servlet.http.HttpServletResponse) throws java.lang.Exception
2018-08-17 23:25:37 -Mapped "{[/orderSysReport/downFile]}" onto public void com.dm.zos.controller.orderSysReport.controller.OrderSysReportController.downFile(javax.servlet.http.HttpServletResponse) throws java.lang.Exception
2018-08-17 23:25:37 -Mapped "{[/produce/send]}" onto public void com.dm.zos.controller.produce.ProduceController.send()
2018-08-17 23:25:37 -Mapped "{[/zos/list],methods=[GET],produces=[application/json;charset=UTF-8]}" onto public com.dm.zos.common.r.R com.dm.zos.controller.Swagger2.ZeroController.getList(java.lang.String)
2018-08-17 23:25:37 -Mapped "{[/v2/api-docs],methods=[GET],produces=[application/json || application/hal+json]}" onto public org.springframework.http.ResponseEntity<springfox.documentation.spring.web.json.Json> springfox.documentation.swagger2.web.Swagger2Controller.getDocumentation(java.lang.String,javax.servlet.http.HttpServletRequest)
2018-08-17 23:25:37 -Mapped "{[/swagger-resources/configuration/ui]}" onto org.springframework.http.ResponseEntity<springfox.documentation.swagger.web.UiConfiguration> springfox.documentation.swagger.web.ApiResourceController.uiConfiguration()
2018-08-17 23:25:37 -Mapped "{[/swagger-resources]}" onto org.springframework.http.ResponseEntity<java.util.List<springfox.documentation.swagger.web.SwaggerResource>> springfox.documentation.swagger.web.ApiResourceController.swaggerResources()
2018-08-17 23:25:37 -Mapped "{[/swagger-resources/configuration/security]}" onto org.springframework.http.ResponseEntity<springfox.documentation.swagger.web.SecurityConfiguration> springfox.documentation.swagger.web.ApiResourceController.securityConfiguration()
2018-08-17 23:25:37 -Mapped "{[/error]}" onto public org.springframework.http.ResponseEntity<java.util.Map<java.lang.String, java.lang.Object>> org.springframework.boot.autoconfigure.web.BasicErrorController.error(javax.servlet.http.HttpServletRequest)
2018-08-17 23:25:37 -Mapped "{[/error],produces=[text/html]}" onto public org.springframework.web.servlet.ModelAndView org.springframework.boot.autoconfigure.web.BasicErrorController.errorHtml(javax.servlet.http.HttpServletRequest,javax.servlet.http.HttpServletResponse)
2018-08-17 23:25:38 -Looking for @ControllerAdvice: org.springframework.boot.context.embedded.AnnotationConfigEmbeddedWebApplicationContext@14dda234: startup date [Fri Aug 17 23:25:28 CST 2018]; root of context hierarchy
2018-08-17 23:25:38 -Mapped URL path [/webjars/**] onto handler of type [class org.springframework.web.servlet.resource.ResourceHttpRequestHandler]
2018-08-17 23:25:38 -Mapped URL path [/**] onto handler of type [class org.springframework.web.servlet.resource.ResourceHttpRequestHandler]
2018-08-17 23:25:38 -Detected @ExceptionHandler methods in zeroExceptionHandler
2018-08-17 23:25:38 -Mapped URL path [/**/favicon.ico] onto handler of type [class org.springframework.web.servlet.resource.ResourceHttpRequestHandler]
2018-08-17 23:25:40 -Registering beans for JMX exposure on startup
2018-08-17 23:25:40 -Bean with name 'dataSource' has been autodetected for JMX exposure
2018-08-17 23:25:40 -Bean with name 'connectionFactory' has been autodetected for JMX exposure
2018-08-17 23:25:40 -Located managed bean 'connectionFactory': registering with JMX server as MBean [org.springframework.amqp.rabbit.connection:name=connectionFactory,type=CachingConnectionFactory]
2018-08-17 23:25:40 -Located MBean 'dataSource': registering with JMX server as MBean [com.alibaba.druid.pool:name=dataSource,type=DruidDataSource]
2018-08-17 23:25:40 -Starting beans in phase 2147483647
2018-08-17 23:25:40 -Context refreshed
2018-08-17 23:25:40 -Found 1 custom documentation plugin(s)
2018-08-17 23:25:40 -Scanning for api listing references
2018-08-17 23:25:40 -Created new connection: connectionFactory#63219c3b:0/SimpleConnection@3b4d4c04 [delegate=amqp://admin@127.0.0.1:5672/, localPort= 64400]
2018-08-17 23:25:41 -Initializing ProtocolHandler ["http-nio-8080"]
2018-08-17 23:25:41 -Starting ProtocolHandler [http-nio-8080]
2018-08-17 23:25:41 -Using a shared selector for servlet write/read
2018-08-17 23:25:41 -Tomcat started on port(s): 8080 (http)
2018-08-17 23:25:41 -Started WebApp in 14.084 seconds (JVM running for 18.543)
2018-08-17 23:27:33 -Error parsing HTTP request header
 Note: further occurrences of HTTP header parsing errors will be logged at DEBUG level.
java.lang.IllegalArgumentException: Invalid character found in method name. HTTP method names must be tokens
	at org.apache.coyote.http11.Http11InputBuffer.parseRequestLine(Http11InputBuffer.java:462)
	at org.apache.coyote.http11.Http11Processor.service(Http11Processor.java:667)
	at org.apache.coyote.AbstractProcessorLight.process(AbstractProcessorLight.java:66)
	at org.apache.coyote.AbstractProtocol$ConnectionHandler.process(AbstractProtocol.java:802)
	at org.apache.tomcat.util.net.NioEndpoint$SocketProcessor.doRun(NioEndpoint.java:1410)
	at org.apache.tomcat.util.net.SocketProcessorBase.run(SocketProcessorBase.java:49)
	at java.util.concurrent.ThreadPoolExecutor.runWorker(ThreadPoolExecutor.java:1142)
	at java.util.concurrent.ThreadPoolExecutor$Worker.run(ThreadPoolExecutor.java:617)
	at org.apache.tomcat.util.threads.TaskThread$WrappingRunnable.run(TaskThread.java:61)
	at java.lang.Thread.run(Thread.java:748)
2018-08-17 23:27:33 -Error parsing HTTP request header
 Note: further occurrences of HTTP header parsing errors will be logged at DEBUG level.
java.lang.IllegalArgumentException: Invalid character found in method name. HTTP method names must be tokens
	at org.apache.coyote.http11.Http11InputBuffer.parseRequestLine(Http11InputBuffer.java:462)
	at org.apache.coyote.http11.Http11Processor.service(Http11Processor.java:667)
	at org.apache.coyote.AbstractProcessorLight.process(AbstractProcessorLight.java:66)
	at org.apache.coyote.AbstractProtocol$ConnectionHandler.process(AbstractProtocol.java:802)
	at org.apache.tomcat.util.net.NioEndpoint$SocketProcessor.doRun(NioEndpoint.java:1410)
	at org.apache.tomcat.util.net.SocketProcessorBase.run(SocketProcessorBase.java:49)
	at java.util.concurrent.ThreadPoolExecutor.runWorker(ThreadPoolExecutor.java:1142)
	at java.util.concurrent.ThreadPoolExecutor$Worker.run(ThreadPoolExecutor.java:617)
	at org.apache.tomcat.util.threads.TaskThread$WrappingRunnable.run(TaskThread.java:61)
	at java.lang.Thread.run(Thread.java:748)
2018-08-17 23:29:24 -Initializing Spring FrameworkServlet 'dispatcherServlet'
2018-08-17 23:29:24 -FrameworkServlet 'dispatcherServlet': initialization started
2018-08-17 23:29:24 -FrameworkServlet 'dispatcherServlet': initialization completed in 71 ms
2018-08-17 23:39:17 -Starting WebApp on PC-20170505HRPR with PID 10620 (E:\TDDOWNLOAD\ideawork\zos\target\classes started by Administrator in E:\TDDOWNLOAD\ideawork\zos)
2018-08-17 23:39:17 -Running with Spring Boot v1.5.9.RELEASE, Spring v4.3.13.RELEASE
2018-08-17 23:39:17 -The following profiles are active: dev
2018-08-17 23:39:18 -Refreshing org.springframework.boot.context.embedded.AnnotationConfigEmbeddedWebApplicationContext@47a5b70d: startup date [Fri Aug 17 23:39:18 CST 2018]; root of context hierarchy
2018-08-17 23:39:18 -HV000001: Hibernate Validator 5.3.6.Final
2018-08-17 23:39:19 -Skipping MapperFactoryBean with name 'orderSysReportDao' and 'com.dm.zos.controller.orderSysReport.dao.OrderSysReportDao' mapperInterface. Bean already defined with the same name!
2018-08-17 23:39:19 -No MyBatis mapper was found in '[com.dm.zos]' package. Please check your configuration.
2018-08-17 23:39:19 -Multiple Spring Data modules found, entering strict repository configuration mode!
2018-08-17 23:39:20 -Bean 'ayncTaskConfig' of type [com.dm.zos.common.config.AyncTaskConfig$$EnhancerBySpringCGLIB$$13c61fe4] is not eligible for getting processed by all BeanPostProcessors (for example: not eligible for auto-proxying)
2018-08-17 23:39:20 -Initializing ExecutorService 
2018-08-17 23:39:20 -Bean 'org.springframework.amqp.rabbit.annotation.RabbitBootstrapConfiguration' of type [org.springframework.amqp.rabbit.annotation.RabbitBootstrapConfiguration$$EnhancerBySpringCGLIB$$ad5f1aa8] is not eligible for getting processed by all BeanPostProcessors (for example: not eligible for auto-proxying)
2018-08-17 23:39:20 -Bean 'org.springframework.transaction.annotation.ProxyTransactionManagementConfiguration' of type [org.springframework.transaction.annotation.ProxyTransactionManagementConfiguration$$EnhancerBySpringCGLIB$$e6f35c7a] is not eligible for getting processed by all BeanPostProcessors (for example: not eligible for auto-proxying)
2018-08-17 23:39:21 -Tomcat initialized with port(s): 8080 (http)
2018-08-17 23:39:21 -Starting service Tomcat
2018-08-17 23:39:21 -Starting Servlet Engine: Apache Tomcat/8.5.6
2018-08-17 23:39:21 -Initializing Spring embedded WebApplicationContext
2018-08-17 23:39:21 -Root WebApplicationContext: initialization completed in 3884 ms
2018-08-17 23:39:22 -Mapping servlet: 'statViewServlet' to [/druid/*]
2018-08-17 23:39:22 -Mapping servlet: 'dispatcherServlet' to [/]
2018-08-17 23:39:22 -Mapping filter: 'characterEncodingFilter' to: [/*]
2018-08-17 23:39:22 -Mapping filter: 'hiddenHttpMethodFilter' to: [/*]
2018-08-17 23:39:22 -Mapping filter: 'httpPutFormContentFilter' to: [/*]
2018-08-17 23:39:22 -Mapping filter: 'requestContextFilter' to: [/*]
2018-08-17 23:39:22 -Mapping filter: 'webStatFilter' to urls: [/*]
2018-08-17 23:39:23 -{dataSource-1} inited
2018-08-17 23:39:25 -Mapped "{[/orderSysReport/importFile]}" onto public cn.hutool.json.JSONObject com.dm.zos.controller.orderSysReport.controller.OrderSysReportController.importFile(org.springframework.web.multipart.MultipartFile,javax.servlet.http.HttpServletRequest)
2018-08-17 23:39:25 -Mapped "{[/orderSysReport/downFile2]}" onto public void com.dm.zos.controller.orderSysReport.controller.OrderSysReportController.downFile2(javax.servlet.http.HttpServletResponse) throws java.lang.Exception
2018-08-17 23:39:25 -Mapped "{[/orderSysReport/download]}" onto public void com.dm.zos.controller.orderSysReport.controller.OrderSysReportController.download(java.util.Map<java.lang.String, java.lang.Object>,javax.servlet.http.HttpServletRequest,javax.servlet.http.HttpServletResponse) throws java.lang.Exception
2018-08-17 23:39:25 -Mapped "{[/orderSysReport/import]}" onto public void com.dm.zos.controller.orderSysReport.controller.OrderSysReportController.importData() throws java.lang.Exception
2018-08-17 23:39:25 -Mapped "{[/orderSysReport/downFile]}" onto public void com.dm.zos.controller.orderSysReport.controller.OrderSysReportController.downFile(javax.servlet.http.HttpServletResponse) throws java.lang.Exception
2018-08-17 23:39:25 -Mapped "{[/produce/send]}" onto public void com.dm.zos.controller.produce.ProduceController.send()
2018-08-17 23:39:25 -Mapped "{[/zos/list],methods=[GET],produces=[application/json;charset=UTF-8]}" onto public com.dm.zos.common.r.R com.dm.zos.controller.Swagger2.ZeroController.getList(java.lang.String)
2018-08-17 23:39:25 -Mapped "{[/v2/api-docs],methods=[GET],produces=[application/json || application/hal+json]}" onto public org.springframework.http.ResponseEntity<springfox.documentation.spring.web.json.Json> springfox.documentation.swagger2.web.Swagger2Controller.getDocumentation(java.lang.String,javax.servlet.http.HttpServletRequest)
2018-08-17 23:39:25 -Mapped "{[/swagger-resources/configuration/security]}" onto org.springframework.http.ResponseEntity<springfox.documentation.swagger.web.SecurityConfiguration> springfox.documentation.swagger.web.ApiResourceController.securityConfiguration()
2018-08-17 23:39:25 -Mapped "{[/swagger-resources/configuration/ui]}" onto org.springframework.http.ResponseEntity<springfox.documentation.swagger.web.UiConfiguration> springfox.documentation.swagger.web.ApiResourceController.uiConfiguration()
2018-08-17 23:39:25 -Mapped "{[/swagger-resources]}" onto org.springframework.http.ResponseEntity<java.util.List<springfox.documentation.swagger.web.SwaggerResource>> springfox.documentation.swagger.web.ApiResourceController.swaggerResources()
2018-08-17 23:39:25 -Mapped "{[/error]}" onto public org.springframework.http.ResponseEntity<java.util.Map<java.lang.String, java.lang.Object>> org.springframework.boot.autoconfigure.web.BasicErrorController.error(javax.servlet.http.HttpServletRequest)
2018-08-17 23:39:25 -Mapped "{[/error],produces=[text/html]}" onto public org.springframework.web.servlet.ModelAndView org.springframework.boot.autoconfigure.web.BasicErrorController.errorHtml(javax.servlet.http.HttpServletRequest,javax.servlet.http.HttpServletResponse)
2018-08-17 23:39:26 -Looking for @ControllerAdvice: org.springframework.boot.context.embedded.AnnotationConfigEmbeddedWebApplicationContext@47a5b70d: startup date [Fri Aug 17 23:39:18 CST 2018]; root of context hierarchy
2018-08-17 23:39:26 -Mapped URL path [/webjars/**] onto handler of type [class org.springframework.web.servlet.resource.ResourceHttpRequestHandler]
2018-08-17 23:39:26 -Mapped URL path [/**] onto handler of type [class org.springframework.web.servlet.resource.ResourceHttpRequestHandler]
2018-08-17 23:39:26 -Detected @ExceptionHandler methods in zeroExceptionHandler
2018-08-17 23:39:26 -Mapped URL path [/**/favicon.ico] onto handler of type [class org.springframework.web.servlet.resource.ResourceHttpRequestHandler]
2018-08-17 23:39:26 -Adding welcome page: class path resource [views/index.html]
2018-08-17 23:39:28 -Registering beans for JMX exposure on startup
2018-08-17 23:39:28 -Bean with name 'dataSource' has been autodetected for JMX exposure
2018-08-17 23:39:28 -Bean with name 'connectionFactory' has been autodetected for JMX exposure
2018-08-17 23:39:28 -Located managed bean 'connectionFactory': registering with JMX server as MBean [org.springframework.amqp.rabbit.connection:name=connectionFactory,type=CachingConnectionFactory]
2018-08-17 23:39:28 -Located MBean 'dataSource': registering with JMX server as MBean [com.alibaba.druid.pool:name=dataSource,type=DruidDataSource]
2018-08-17 23:39:28 -Starting beans in phase 2147483647
2018-08-17 23:39:28 -Context refreshed
2018-08-17 23:39:28 -Found 1 custom documentation plugin(s)
2018-08-17 23:39:28 -Scanning for api listing references
2018-08-17 23:39:28 -Created new connection: connectionFactory#19d20a73:0/SimpleConnection@3a008cd [delegate=amqp://admin@127.0.0.1:5672/, localPort= 53862]
2018-08-17 23:39:28 -Initializing ProtocolHandler ["http-nio-8080"]
2018-08-17 23:39:28 -Starting ProtocolHandler [http-nio-8080]
2018-08-17 23:39:28 -Using a shared selector for servlet write/read
2018-08-17 23:39:28 -Tomcat started on port(s): 8080 (http)
2018-08-17 23:39:28 -Started WebApp in 12.219 seconds (JVM running for 13.894)
2018-08-17 23:41:28 -Initializing Spring FrameworkServlet 'dispatcherServlet'
2018-08-17 23:41:28 -FrameworkServlet 'dispatcherServlet': initialization started
2018-08-17 23:41:28 -FrameworkServlet 'dispatcherServlet': initialization completed in 48 ms
2018-08-17 23:59:52 -异常:
java.lang.NullPointerException: null
	at com.dm.zos.controller.orderSysReport.controller.OrderSysReportController.importFile(OrderSysReportController.java:186)
	at sun.reflect.NativeMethodAccessorImpl.invoke0(Native Method)
	at sun.reflect.NativeMethodAccessorImpl.invoke(NativeMethodAccessorImpl.java:62)
	at sun.reflect.DelegatingMethodAccessorImpl.invoke(DelegatingMethodAccessorImpl.java:43)
	at java.lang.reflect.Method.invoke(Method.java:498)
	at org.springframework.web.method.support.InvocableHandlerMethod.doInvoke(InvocableHandlerMethod.java:205)
	at org.springframework.web.method.support.InvocableHandlerMethod.invokeForRequest(InvocableHandlerMethod.java:133)
	at org.springframework.web.servlet.mvc.method.annotation.ServletInvocableHandlerMethod.invokeAndHandle(ServletInvocableHandlerMethod.java:97)
	at org.springframework.web.servlet.mvc.method.annotation.RequestMappingHandlerAdapter.invokeHandlerMethod(RequestMappingHandlerAdapter.java:827)
	at org.springframework.web.servlet.mvc.method.annotation.RequestMappingHandlerAdapter.handleInternal(RequestMappingHandlerAdapter.java:738)
	at org.springframework.web.servlet.mvc.method.AbstractHandlerMethodAdapter.handle(AbstractHandlerMethodAdapter.java:85)
	at org.springframework.web.servlet.DispatcherServlet.doDispatch(DispatcherServlet.java:967)
	at org.springframework.web.servlet.DispatcherServlet.doService(DispatcherServlet.java:901)
	at org.springframework.web.servlet.FrameworkServlet.processRequest(FrameworkServlet.java:970)
	at org.springframework.web.servlet.FrameworkServlet.doGet(FrameworkServlet.java:861)
	at javax.servlet.http.HttpServlet.service(HttpServlet.java:622)
	at org.springframework.web.servlet.FrameworkServlet.service(FrameworkServlet.java:846)
	at javax.servlet.http.HttpServlet.service(HttpServlet.java:729)
	at org.apache.catalina.core.ApplicationFilterChain.internalDoFilter(ApplicationFilterChain.java:230)
	at org.apache.catalina.core.ApplicationFilterChain.doFilter(ApplicationFilterChain.java:165)
	at org.apache.tomcat.websocket.server.WsFilter.doFilter(WsFilter.java:52)
	at org.apache.catalina.core.ApplicationFilterChain.internalDoFilter(ApplicationFilterChain.java:192)
	at org.apache.catalina.core.ApplicationFilterChain.doFilter(ApplicationFilterChain.java:165)
	at com.alibaba.druid.support.http.WebStatFilter.doFilter(WebStatFilter.java:123)
	at org.apache.catalina.core.ApplicationFilterChain.internalDoFilter(ApplicationFilterChain.java:192)
	at org.apache.catalina.core.ApplicationFilterChain.doFilter(ApplicationFilterChain.java:165)
	at org.springframework.web.filter.RequestContextFilter.doFilterInternal(RequestContextFilter.java:99)
	at org.springframework.web.filter.OncePerRequestFilter.doFilter(OncePerRequestFilter.java:107)
	at org.apache.catalina.core.ApplicationFilterChain.internalDoFilter(ApplicationFilterChain.java:192)
	at org.apache.catalina.core.ApplicationFilterChain.doFilter(ApplicationFilterChain.java:165)
	at org.springframework.web.filter.HttpPutFormContentFilter.doFilterInternal(HttpPutFormContentFilter.java:108)
	at org.springframework.web.filter.OncePerRequestFilter.doFilter(OncePerRequestFilter.java:107)
	at org.apache.catalina.core.ApplicationFilterChain.internalDoFilter(ApplicationFilterChain.java:192)
	at org.apache.catalina.core.ApplicationFilterChain.doFilter(ApplicationFilterChain.java:165)
	at org.springframework.web.filter.HiddenHttpMethodFilter.doFilterInternal(HiddenHttpMethodFilter.java:81)
	at org.springframework.web.filter.OncePerRequestFilter.doFilter(OncePerRequestFilter.java:107)
	at org.apache.catalina.core.ApplicationFilterChain.internalDoFilter(ApplicationFilterChain.java:192)
	at org.apache.catalina.core.ApplicationFilterChain.doFilter(ApplicationFilterChain.java:165)
	at org.springframework.web.filter.CharacterEncodingFilter.doFilterInternal(CharacterEncodingFilter.java:197)
	at org.springframework.web.filter.OncePerRequestFilter.doFilter(OncePerRequestFilter.java:107)
	at org.apache.catalina.core.ApplicationFilterChain.internalDoFilter(ApplicationFilterChain.java:192)
	at org.apache.catalina.core.ApplicationFilterChain.doFilter(ApplicationFilterChain.java:165)
	at org.apache.catalina.core.StandardWrapperValve.invoke(StandardWrapperValve.java:198)
	at org.apache.catalina.core.StandardContextValve.invoke(StandardContextValve.java:108)
	at org.apache.catalina.authenticator.AuthenticatorBase.invoke(AuthenticatorBase.java:472)
	at org.apache.catalina.core.StandardHostValve.invoke(StandardHostValve.java:140)
	at org.apache.catalina.valves.ErrorReportValve.invoke(ErrorReportValve.java:79)
	at org.apache.catalina.core.StandardEngineValve.invoke(StandardEngineValve.java:87)
	at org.apache.catalina.connector.CoyoteAdapter.service(CoyoteAdapter.java:349)
	at org.apache.coyote.http11.Http11Processor.service(Http11Processor.java:784)
	at org.apache.coyote.AbstractProcessorLight.process(AbstractProcessorLight.java:66)
	at org.apache.coyote.AbstractProtocol$ConnectionHandler.process(AbstractProtocol.java:802)
	at org.apache.tomcat.util.net.NioEndpoint$SocketProcessor.doRun(NioEndpoint.java:1410)
	at org.apache.tomcat.util.net.SocketProcessorBase.run(SocketProcessorBase.java:49)
	at java.util.concurrent.ThreadPoolExecutor.runWorker(ThreadPoolExecutor.java:1142)
	at java.util.concurrent.ThreadPoolExecutor$Worker.run(ThreadPoolExecutor.java:617)
	at org.apache.tomcat.util.threads.TaskThread$WrappingRunnable.run(TaskThread.java:61)
	at java.lang.Thread.run(Thread.java:748)
2018-08-17 23:59:53 -异常返回结果:{"code":500,"msg":"error"}
